{"C:\\Programming\\Recyclr\\.storybook\\preview.ts": {"path":"C:\\Programming\\Recyclr\\.storybook\\preview.ts","statementMap":{"0":{"start":{"line":4,"column":25},"end":{"line":20,"column":null}}},"fnMap":{},"branchMap":{},"s":{"0":5},"f":{},"b":{},"meta":{"lastBranch":0,"lastFunction":0,"lastStatement":1,"seen":{"s:4:25:20:Infinity":0}}}
,"C:\\Programming\\Recyclr\\src\\index.css": {"path":"C:\\Programming\\Recyclr\\src\\index.css","statementMap":{},"fnMap":{},"branchMap":{},"s":{},"f":{},"b":{},"meta":{"lastBranch":0,"lastFunction":0,"lastStatement":0,"seen":{}}}
,"C:\\Programming\\Recyclr\\src\\assets\\icons\\ArrowUpDown.tsx": {"path":"C:\\Programming\\Recyclr\\src\\assets\\icons\\ArrowUpDown.tsx","statementMap":{},"fnMap":{"0":{"name":"ArrowUpDown","decl":{"start":{"line":3,"column":24},"end":{"line":3,"column":36}},"loc":{"start":{"line":3,"column":69},"end":{"line":26,"column":null}},"line":3}},"branchMap":{},"s":{},"f":{"0":0},"b":{},"meta":{"lastBranch":0,"lastFunction":1,"lastStatement":0,"seen":{"f:3:24:3:36":0}}}
,"C:\\Programming\\Recyclr\\src\\assets\\icons\\DeleteBin.tsx": {"path":"C:\\Programming\\Recyclr\\src\\assets\\icons\\DeleteBin.tsx","statementMap":{"0":{"start":{"line":1,"column":26},"end":{"line":1,"column":null}}},"fnMap":{"0":{"name":"DeleteBin","decl":{"start":{"line":5,"column":24},"end":{"line":5,"column":34}},"loc":{"start":{"line":5,"column":67},"end":{"line":28,"column":null}},"line":5}},"branchMap":{},"s":{"0":6},"f":{"0":4},"b":{},"meta":{"lastBranch":0,"lastFunction":1,"lastStatement":1,"seen":{"s:1:26:1:Infinity":0,"f:5:24:5:34":0}}}
,"C:\\Programming\\Recyclr\\src\\assets\\icons\\Mouse.tsx": {"path":"C:\\Programming\\Recyclr\\src\\assets\\icons\\Mouse.tsx","statementMap":{},"fnMap":{"0":{"name":"Mouse","decl":{"start":{"line":3,"column":24},"end":{"line":3,"column":30}},"loc":{"start":{"line":3,"column":63},"end":{"line":26,"column":null}},"line":3}},"branchMap":{},"s":{},"f":{"0":0},"b":{},"meta":{"lastBranch":0,"lastFunction":1,"lastStatement":0,"seen":{"f:3:24:3:30":0}}}
,"C:\\Programming\\Recyclr\\src\\assets\\icons\\UserSmile.tsx": {"path":"C:\\Programming\\Recyclr\\src\\assets\\icons\\UserSmile.tsx","statementMap":{},"fnMap":{"0":{"name":"UserSmile","decl":{"start":{"line":3,"column":24},"end":{"line":3,"column":34}},"loc":{"start":{"line":3,"column":67},"end":{"line":26,"column":null}},"line":3}},"branchMap":{},"s":{},"f":{"0":0},"b":{},"meta":{"lastBranch":0,"lastFunction":1,"lastStatement":0,"seen":{"f:3:24:3:34":0}}}
,"C:\\Programming\\Recyclr\\src\\assets\\icons\\delete.svg": {"path":"C:\\Programming\\Recyclr\\src\\assets\\icons\\delete.svg","statementMap":{},"fnMap":{},"branchMap":{},"s":{},"f":{},"b":{},"meta":{"lastBranch":0,"lastFunction":0,"lastStatement":0,"seen":{}}}
,"C:\\Programming\\Recyclr\\src\\assets\\icons\\facebook.svg": {"path":"C:\\Programming\\Recyclr\\src\\assets\\icons\\facebook.svg","statementMap":{},"fnMap":{},"branchMap":{},"s":{},"f":{},"b":{},"meta":{"lastBranch":0,"lastFunction":0,"lastStatement":0,"seen":{}}}
,"C:\\Programming\\Recyclr\\src\\assets\\icons\\index.ts": {"path":"C:\\Programming\\Recyclr\\src\\assets\\icons\\index.ts","statementMap":{},"fnMap":{},"branchMap":{},"s":{},"f":{},"b":{},"meta":{"lastBranch":0,"lastFunction":0,"lastStatement":0,"seen":{}}}
,"C:\\Programming\\Recyclr\\src\\assets\\icons\\logo.svg": {"path":"C:\\Programming\\Recyclr\\src\\assets\\icons\\logo.svg","statementMap":{},"fnMap":{},"branchMap":{},"s":{},"f":{},"b":{},"meta":{"lastBranch":0,"lastFunction":0,"lastStatement":0,"seen":{}}}
,"C:\\Programming\\Recyclr\\src\\assets\\icons\\menu.svg": {"path":"C:\\Programming\\Recyclr\\src\\assets\\icons\\menu.svg","statementMap":{},"fnMap":{},"branchMap":{},"s":{},"f":{},"b":{},"meta":{"lastBranch":0,"lastFunction":0,"lastStatement":0,"seen":{}}}
,"C:\\Programming\\Recyclr\\src\\assets\\icons\\twitter.svg": {"path":"C:\\Programming\\Recyclr\\src\\assets\\icons\\twitter.svg","statementMap":{},"fnMap":{},"branchMap":{},"s":{},"f":{},"b":{},"meta":{"lastBranch":0,"lastFunction":0,"lastStatement":0,"seen":{}}}
,"C:\\Programming\\Recyclr\\src\\assets\\icons\\youtube.svg": {"path":"C:\\Programming\\Recyclr\\src\\assets\\icons\\youtube.svg","statementMap":{},"fnMap":{},"branchMap":{},"s":{},"f":{},"b":{},"meta":{"lastBranch":0,"lastFunction":0,"lastStatement":0,"seen":{}}}
,"C:\\Programming\\Recyclr\\src\\assets\\illustrations\\apple-bag.svg": {"path":"C:\\Programming\\Recyclr\\src\\assets\\illustrations\\apple-bag.svg","statementMap":{},"fnMap":{},"branchMap":{},"s":{},"f":{},"b":{},"meta":{"lastBranch":0,"lastFunction":0,"lastStatement":0,"seen":{}}}
,"C:\\Programming\\Recyclr\\src\\assets\\illustrations\\bag.svg": {"path":"C:\\Programming\\Recyclr\\src\\assets\\illustrations\\bag.svg","statementMap":{},"fnMap":{},"branchMap":{},"s":{},"f":{},"b":{},"meta":{"lastBranch":0,"lastFunction":0,"lastStatement":0,"seen":{}}}
,"C:\\Programming\\Recyclr\\src\\assets\\illustrations\\bin.svg": {"path":"C:\\Programming\\Recyclr\\src\\assets\\illustrations\\bin.svg","statementMap":{},"fnMap":{},"branchMap":{},"s":{},"f":{},"b":{},"meta":{"lastBranch":0,"lastFunction":0,"lastStatement":0,"seen":{}}}
,"C:\\Programming\\Recyclr\\src\\assets\\illustrations\\bottles.svg": {"path":"C:\\Programming\\Recyclr\\src\\assets\\illustrations\\bottles.svg","statementMap":{},"fnMap":{},"branchMap":{},"s":{},"f":{},"b":{},"meta":{"lastBranch":0,"lastFunction":0,"lastStatement":0,"seen":{}}}
,"C:\\Programming\\Recyclr\\src\\assets\\illustrations\\clean-bottle.svg": {"path":"C:\\Programming\\Recyclr\\src\\assets\\illustrations\\clean-bottle.svg","statementMap":{},"fnMap":{},"branchMap":{},"s":{},"f":{},"b":{},"meta":{"lastBranch":0,"lastFunction":0,"lastStatement":0,"seen":{}}}
,"C:\\Programming\\Recyclr\\src\\assets\\illustrations\\coffee-cup.svg": {"path":"C:\\Programming\\Recyclr\\src\\assets\\illustrations\\coffee-cup.svg","statementMap":{},"fnMap":{},"branchMap":{},"s":{},"f":{},"b":{},"meta":{"lastBranch":0,"lastFunction":0,"lastStatement":0,"seen":{}}}
,"C:\\Programming\\Recyclr\\src\\assets\\illustrations\\hero.svg": {"path":"C:\\Programming\\Recyclr\\src\\assets\\illustrations\\hero.svg","statementMap":{},"fnMap":{},"branchMap":{},"s":{},"f":{},"b":{},"meta":{"lastBranch":0,"lastFunction":0,"lastStatement":0,"seen":{}}}
,"C:\\Programming\\Recyclr\\src\\assets\\illustrations\\index.ts": {"path":"C:\\Programming\\Recyclr\\src\\assets\\illustrations\\index.ts","statementMap":{},"fnMap":{},"branchMap":{},"s":{},"f":{},"b":{},"meta":{"lastBranch":0,"lastFunction":0,"lastStatement":0,"seen":{}}}
,"C:\\Programming\\Recyclr\\src\\assets\\illustrations\\juice.svg": {"path":"C:\\Programming\\Recyclr\\src\\assets\\illustrations\\juice.svg","statementMap":{},"fnMap":{},"branchMap":{},"s":{},"f":{},"b":{},"meta":{"lastBranch":0,"lastFunction":0,"lastStatement":0,"seen":{}}}
,"C:\\Programming\\Recyclr\\src\\assets\\illustrations\\knuckles.svg": {"path":"C:\\Programming\\Recyclr\\src\\assets\\illustrations\\knuckles.svg","statementMap":{},"fnMap":{},"branchMap":{},"s":{},"f":{},"b":{},"meta":{"lastBranch":0,"lastFunction":0,"lastStatement":0,"seen":{}}}
,"C:\\Programming\\Recyclr\\src\\assets\\illustrations\\landing.svg": {"path":"C:\\Programming\\Recyclr\\src\\assets\\illustrations\\landing.svg","statementMap":{},"fnMap":{},"branchMap":{},"s":{},"f":{},"b":{},"meta":{"lastBranch":0,"lastFunction":0,"lastStatement":0,"seen":{}}}
,"C:\\Programming\\Recyclr\\src\\assets\\illustrations\\plastic.svg": {"path":"C:\\Programming\\Recyclr\\src\\assets\\illustrations\\plastic.svg","statementMap":{},"fnMap":{},"branchMap":{},"s":{},"f":{},"b":{},"meta":{"lastBranch":0,"lastFunction":0,"lastStatement":0,"seen":{}}}
,"C:\\Programming\\Recyclr\\src\\assets\\illustrations\\recycling-box.svg": {"path":"C:\\Programming\\Recyclr\\src\\assets\\illustrations\\recycling-box.svg","statementMap":{},"fnMap":{},"branchMap":{},"s":{},"f":{},"b":{},"meta":{"lastBranch":0,"lastFunction":0,"lastStatement":0,"seen":{}}}
,"C:\\Programming\\Recyclr\\src\\assets\\illustrations\\sandwich.svg": {"path":"C:\\Programming\\Recyclr\\src\\assets\\illustrations\\sandwich.svg","statementMap":{},"fnMap":{},"branchMap":{},"s":{},"f":{},"b":{},"meta":{"lastBranch":0,"lastFunction":0,"lastStatement":0,"seen":{}}}
,"C:\\Programming\\Recyclr\\src\\assets\\illustrations\\toy.svg": {"path":"C:\\Programming\\Recyclr\\src\\assets\\illustrations\\toy.svg","statementMap":{},"fnMap":{},"branchMap":{},"s":{},"f":{},"b":{},"meta":{"lastBranch":0,"lastFunction":0,"lastStatement":0,"seen":{}}}
,"C:\\Programming\\Recyclr\\src\\assets\\illustrations\\trash-wide.svg": {"path":"C:\\Programming\\Recyclr\\src\\assets\\illustrations\\trash-wide.svg","statementMap":{},"fnMap":{},"branchMap":{},"s":{},"f":{},"b":{},"meta":{"lastBranch":0,"lastFunction":0,"lastStatement":0,"seen":{}}}
,"C:\\Programming\\Recyclr\\src\\components\\Button\\Button.tsx": {"path":"C:\\Programming\\Recyclr\\src\\components\\Button\\Button.tsx","statementMap":{"0":{"start":{"line":1,"column":26},"end":{"line":1,"column":null}},"1":{"start":{"line":24,"column":24},"end":{"line":35,"column":null}},"2":{"start":{"line":25,"column":4},"end":{"line":34,"column":null}},"3":{"start":{"line":27,"column":8},"end":{"line":27,"column":null}},"4":{"start":{"line":29,"column":8},"end":{"line":29,"column":null}},"5":{"start":{"line":31,"column":8},"end":{"line":31,"column":null}},"6":{"start":{"line":33,"column":8},"end":{"line":33,"column":null}},"7":{"start":{"line":37,"column":20},"end":{"line":48,"column":null}},"8":{"start":{"line":38,"column":4},"end":{"line":47,"column":null}},"9":{"start":{"line":40,"column":8},"end":{"line":40,"column":null}},"10":{"start":{"line":42,"column":8},"end":{"line":42,"column":null}},"11":{"start":{"line":44,"column":8},"end":{"line":44,"column":null}},"12":{"start":{"line":46,"column":8},"end":{"line":46,"column":null}},"13":{"start":{"line":50,"column":23},"end":{"line":70,"column":null}},"14":{"start":{"line":51,"column":4},"end":{"line":69,"column":null}},"15":{"start":{"line":53,"column":8},"end":{"line":55,"column":null}},"16":{"start":{"line":54,"column":10},"end":{"line":54,"column":null}},"17":{"start":{"line":56,"column":8},"end":{"line":56,"column":null}},"18":{"start":{"line":58,"column":8},"end":{"line":58,"column":null}},"19":{"start":{"line":59,"column":8},"end":{"line":61,"column":null}},"20":{"start":{"line":60,"column":10},"end":{"line":60,"column":null}},"21":{"start":{"line":62,"column":8},"end":{"line":62,"column":null}},"22":{"start":{"line":64,"column":8},"end":{"line":64,"column":null}},"23":{"start":{"line":65,"column":8},"end":{"line":65,"column":null}},"24":{"start":{"line":68,"column":8},"end":{"line":68,"column":null}}},"fnMap":{"0":{"name":"Button","decl":{"start":{"line":16,"column":24},"end":{"line":16,"column":31}},"loc":{"start":{"line":23,"column":14},"end":{"line":90,"column":null}},"line":23},"1":{"name":"(anonymous_1)","decl":{"start":{"line":24,"column":24},"end":{"line":24,"column":null}},"loc":{"start":{"line":24,"column":24},"end":{"line":35,"column":null}},"line":24},"2":{"name":"(anonymous_2)","decl":{"start":{"line":37,"column":20},"end":{"line":37,"column":null}},"loc":{"start":{"line":37,"column":20},"end":{"line":48,"column":null}},"line":37},"3":{"name":"(anonymous_3)","decl":{"start":{"line":50,"column":23},"end":{"line":50,"column":null}},"loc":{"start":{"line":50,"column":23},"end":{"line":70,"column":null}},"line":50}},"branchMap":{"0":{"loc":{"start":{"line":17,"column":2},"end":{"line":17,"column":16}},"type":"default-arg","locations":[{"start":{"line":17,"column":7},"end":{"line":17,"column":16}}],"line":17},"1":{"loc":{"start":{"line":18,"column":2},"end":{"line":18,"column":16}},"type":"default-arg","locations":[{"start":{"line":18,"column":10},"end":{"line":18,"column":16}}],"line":18},"2":{"loc":{"start":{"line":19,"column":2},"end":{"line":19,"column":18}},"type":"default-arg","locations":[{"start":{"line":19,"column":12},"end":{"line":19,"column":18}}],"line":19},"3":{"loc":{"start":{"line":20,"column":2},"end":{"line":20,"column":13}},"type":"default-arg","locations":[{"start":{"line":20,"column":9},"end":{"line":20,"column":13}}],"line":20},"4":{"loc":{"start":{"line":21,"column":2},"end":{"line":21,"column":18}},"type":"default-arg","locations":[{"start":{"line":21,"column":13},"end":{"line":21,"column":18}}],"line":21},"5":{"loc":{"start":{"line":25,"column":4},"end":{"line":34,"column":null}},"type":"switch","locations":[{"start":{"line":26,"column":6},"end":{"line":27,"column":null}},{"start":{"line":28,"column":6},"end":{"line":29,"column":null}},{"start":{"line":30,"column":6},"end":{"line":31,"column":null}},{"start":{"line":32,"column":6},"end":{"line":33,"column":null}}],"line":25},"6":{"loc":{"start":{"line":38,"column":4},"end":{"line":47,"column":null}},"type":"switch","locations":[{"start":{"line":39,"column":6},"end":{"line":40,"column":null}},{"start":{"line":41,"column":6},"end":{"line":42,"column":null}},{"start":{"line":43,"column":6},"end":{"line":44,"column":null}},{"start":{"line":45,"column":6},"end":{"line":46,"column":null}}],"line":38},"7":{"loc":{"start":{"line":51,"column":4},"end":{"line":69,"column":null}},"type":"switch","locations":[{"start":{"line":52,"column":6},"end":{"line":56,"column":null}},{"start":{"line":57,"column":6},"end":{"line":62,"column":null}},{"start":{"line":63,"column":6},"end":{"line":65,"column":null}},{"start":{"line":67,"column":6},"end":{"line":68,"column":null}}],"line":51},"8":{"loc":{"start":{"line":53,"column":8},"end":{"line":55,"column":null}},"type":"if","locations":[{"start":{"line":53,"column":8},"end":{"line":55,"column":null}},{"start":{},"end":{}}],"line":53},"9":{"loc":{"start":{"line":59,"column":8},"end":{"line":61,"column":null}},"type":"if","locations":[{"start":{"line":59,"column":8},"end":{"line":61,"column":null}},{"start":{},"end":{}}],"line":59},"10":{"loc":{"start":{"line":80,"column":25},"end":{"line":80,"column":null}},"type":"binary-expr","locations":[{"start":{"line":80,"column":25},"end":{"line":80,"column":31}},{"start":{"line":80,"column":31},"end":{"line":80,"column":null}}],"line":80},"11":{"loc":{"start":{"line":81,"column":15},"end":{"line":81,"column":null}},"type":"binary-expr","locations":[{"start":{"line":81,"column":15},"end":{"line":81,"column":24}},{"start":{"line":81,"column":24},"end":{"line":81,"column":null}}],"line":81},"12":{"loc":{"start":{"line":82,"column":21},"end":{"line":82,"column":null}},"type":"cond-expr","locations":[{"start":{"line":82,"column":45},"end":{"line":82,"column":53}},{"start":{"line":82,"column":53},"end":{"line":82,"column":null}}],"line":82}},"s":{"0":6,"1":19,"2":19,"3":2,"4":1,"5":16,"6":0,"7":19,"8":19,"9":2,"10":1,"11":16,"12":0,"13":19,"14":19,"15":15,"16":2,"17":15,"18":2,"19":2,"20":0,"21":2,"22":2,"23":2,"24":0},"f":{"0":19,"1":19,"2":19,"3":19},"b":{"0":[19],"1":[19],"2":[19],"3":[19],"4":[19],"5":[2,1,16,0],"6":[2,1,16,0],"7":[15,2,2,0],"8":[2,13],"9":[0,2],"10":[19,0],"11":[19,0],"12":[2,17]},"meta":{"lastBranch":13,"lastFunction":4,"lastStatement":25,"seen":{"s:1:26:1:Infinity":0,"f:16:24:16:31":0,"b:17:7:17:16":0,"b:18:10:18:16":1,"b:19:12:19:18":2,"b:20:9:20:13":3,"b:21:13:21:18":4,"s:24:24:35:Infinity":1,"f:24:24:24:Infinity":1,"b:26:6:27:Infinity:28:6:29:Infinity:30:6:31:Infinity:32:6:33:Infinity":5,"s:25:4:34:Infinity":2,"s:27:8:27:Infinity":3,"s:29:8:29:Infinity":4,"s:31:8:31:Infinity":5,"s:33:8:33:Infinity":6,"s:37:20:48:Infinity":7,"f:37:20:37:Infinity":2,"b:39:6:40:Infinity:41:6:42:Infinity:43:6:44:Infinity:45:6:46:Infinity":6,"s:38:4:47:Infinity":8,"s:40:8:40:Infinity":9,"s:42:8:42:Infinity":10,"s:44:8:44:Infinity":11,"s:46:8:46:Infinity":12,"s:50:23:70:Infinity":13,"f:50:23:50:Infinity":3,"b:52:6:56:Infinity:57:6:62:Infinity:63:6:65:Infinity:67:6:68:Infinity":7,"s:51:4:69:Infinity":14,"b:53:8:55:Infinity:undefined:undefined:undefined:undefined":8,"s:53:8:55:Infinity":15,"s:54:10:54:Infinity":16,"s:56:8:56:Infinity":17,"s:58:8:58:Infinity":18,"b:59:8:61:Infinity:undefined:undefined:undefined:undefined":9,"s:59:8:61:Infinity":19,"s:60:10:60:Infinity":20,"s:62:8:62:Infinity":21,"s:64:8:64:Infinity":22,"s:65:8:65:Infinity":23,"s:68:8:68:Infinity":24,"b:80:25:80:31:80:31:80:Infinity":10,"b:81:15:81:24:81:24:81:Infinity":11,"b:82:45:82:53:82:53:82:Infinity":12}}}
,"C:\\Programming\\Recyclr\\src\\components\\Footer\\Footer.tsx": {"path":"C:\\Programming\\Recyclr\\src\\components\\Footer\\Footer.tsx","statementMap":{"0":{"start":{"line":3,"column":16},"end":{"line":7,"column":null}}},"fnMap":{"0":{"name":"Footer","decl":{"start":{"line":9,"column":24},"end":{"line":9,"column":null}},"loc":{"start":{"line":9,"column":24},"end":{"line":33,"column":null}},"line":9}},"branchMap":{},"s":{"0":2},"f":{"0":2},"b":{},"meta":{"lastBranch":0,"lastFunction":1,"lastStatement":1,"seen":{"s:3:16:7:Infinity":0,"f:9:24:9:Infinity":0}}}
,"C:\\Programming\\Recyclr\\src\\components\\FooterBanner\\FooterBanner.tsx": {"path":"C:\\Programming\\Recyclr\\src\\components\\FooterBanner\\FooterBanner.tsx","statementMap":{},"fnMap":{"0":{"name":"FooterBanner","decl":{"start":{"line":18,"column":24},"end":{"line":18,"column":null}},"loc":{"start":{"line":18,"column":24},"end":{"line":145,"column":null}},"line":18}},"branchMap":{},"s":{},"f":{"0":2},"b":{},"meta":{"lastBranch":0,"lastFunction":1,"lastStatement":0,"seen":{"f:18:24:18:Infinity":0}}}
,"C:\\Programming\\Recyclr\\src\\components\\IconContainer\\IconContainer.tsx": {"path":"C:\\Programming\\Recyclr\\src\\components\\IconContainer\\IconContainer.tsx","statementMap":{"0":{"start":{"line":1,"column":26},"end":{"line":1,"column":null}}},"fnMap":{"0":{"name":"IconContainer","decl":{"start":{"line":13,"column":24},"end":{"line":13,"column":38}},"loc":{"start":{"line":17,"column":21},"end":{"line":28,"column":null}},"line":17}},"branchMap":{"0":{"loc":{"start":{"line":15,"column":2},"end":{"line":15,"column":18}},"type":"default-arg","locations":[{"start":{"line":15,"column":7},"end":{"line":15,"column":18}}],"line":15},"1":{"loc":{"start":{"line":22,"column":83},"end":{"line":22,"column":106}},"type":"binary-expr","locations":[{"start":{"line":22,"column":83},"end":{"line":22,"column":98}},{"start":{"line":22,"column":102},"end":{"line":22,"column":106}}],"line":22}},"s":{"0":2},"f":{"0":4},"b":{"0":[4],"1":[4,4]},"meta":{"lastBranch":2,"lastFunction":1,"lastStatement":1,"seen":{"s:1:26:1:Infinity":0,"f:13:24:13:38":0,"b:15:7:15:18":0,"b:22:83:22:98:22:102:22:106":1}}}
,"C:\\Programming\\Recyclr\\src\\components\\Navbar\\Navbar.tsx": {"path":"C:\\Programming\\Recyclr\\src\\components\\Navbar\\Navbar.tsx","statementMap":{"0":{"start":{"line":5,"column":14},"end":{"line":9,"column":null}},"1":{"start":{"line":12,"column":20},"end":{"line":12,"column":null}}},"fnMap":{"0":{"name":"Navbar","decl":{"start":{"line":11,"column":24},"end":{"line":11,"column":null}},"loc":{"start":{"line":11,"column":24},"end":{"line":58,"column":null}},"line":11}},"branchMap":{},"s":{"0":2,"1":4},"f":{"0":4},"b":{},"meta":{"lastBranch":0,"lastFunction":1,"lastStatement":2,"seen":{"s:5:14:9:Infinity":0,"f:11:24:11:Infinity":0,"s:12:20:12:Infinity":1}}}
,"C:\\Programming\\Recyclr\\src\\hooks\\index.ts": {"path":"C:\\Programming\\Recyclr\\src\\hooks\\index.ts","statementMap":{},"fnMap":{},"branchMap":{},"s":{},"f":{},"b":{},"meta":{"lastBranch":0,"lastFunction":0,"lastStatement":0,"seen":{}}}
,"C:\\Programming\\Recyclr\\src\\hooks\\useWindowSize.tsx": {"path":"C:\\Programming\\Recyclr\\src\\hooks\\useWindowSize.tsx","statementMap":{"0":{"start":{"line":1,"column":40},"end":{"line":1,"column":null}},"1":{"start":{"line":4,"column":38},"end":{"line":7,"column":null}},"2":{"start":{"line":9,"column":2},"end":{"line":23,"column":null}},"3":{"start":{"line":10,"column":25},"end":{"line":14,"column":null}},"4":{"start":{"line":11,"column":6},"end":{"line":14,"column":null}},"5":{"start":{"line":16,"column":4},"end":{"line":16,"column":null}},"6":{"start":{"line":18,"column":4},"end":{"line":18,"column":null}},"7":{"start":{"line":20,"column":4},"end":{"line":22,"column":null}},"8":{"start":{"line":21,"column":6},"end":{"line":21,"column":null}},"9":{"start":{"line":25,"column":2},"end":{"line":25,"column":null}}},"fnMap":{"0":{"name":"useWindowSize","decl":{"start":{"line":3,"column":24},"end":{"line":3,"column":null}},"loc":{"start":{"line":3,"column":24},"end":{"line":26,"column":null}},"line":3},"1":{"name":"(anonymous_1)","decl":{"start":{"line":9,"column":18},"end":{"line":9,"column":null}},"loc":{"start":{"line":9,"column":18},"end":{"line":23,"column":5}},"line":9},"2":{"name":"(anonymous_2)","decl":{"start":{"line":10,"column":25},"end":{"line":10,"column":null}},"loc":{"start":{"line":11,"column":6},"end":{"line":14,"column":null}},"line":11},"3":{"name":"(anonymous_3)","decl":{"start":{"line":20,"column":11},"end":{"line":20,"column":null}},"loc":{"start":{"line":20,"column":11},"end":{"line":22,"column":null}},"line":20}},"branchMap":{},"s":{"0":2,"1":4,"2":4,"3":2,"4":2,"5":2,"6":2,"7":2,"8":0,"9":4},"f":{"0":4,"1":2,"2":2,"3":0},"b":{},"meta":{"lastBranch":0,"lastFunction":4,"lastStatement":10,"seen":{"s:1:40:1:Infinity":0,"f:3:24:3:Infinity":0,"s:4:38:7:Infinity":1,"s:9:2:23:Infinity":2,"f:9:18:9:Infinity":1,"s:10:25:14:Infinity":3,"f:10:25:10:Infinity":2,"s:11:6:14:Infinity":4,"s:16:4:16:Infinity":5,"s:18:4:18:Infinity":6,"s:20:4:22:Infinity":7,"f:20:11:20:Infinity":3,"s:21:6:21:Infinity":8,"s:25:2:25:Infinity":9}}}
}
